<?xml version="1.0" encoding="UTF-8"?>
<!-- Generated by org.testng.reporters.JUnitReportReporter -->
<testsuite name="com.parallel.Test1" tests="1" time="8.339" ignored="0" failures="0" timestamp="15 Apr 2022 16:31:42 GMT" skipped="0" hostname="AJAYBKADAM" errors="0">
  <testcase name="Taskp1" time="8.339" classname="com.parallel.Test1"/>
</testsuite> <!-- com.parallel.Test1 -->
