<?xml version="1.0" encoding="UTF-8"?>
<!-- Generated by org.testng.reporters.JUnitReportReporter -->
<testsuite name="com.parallel.Test2" tests="1" time="10.515" ignored="0" failures="0" timestamp="15 Apr 2022 03:04:56 GMT" skipped="0" hostname="AJAYBKADAM" errors="0">
  <testcase name="Taskp2" time="10.515" classname="com.parallel.Test2"/>
</testsuite> <!-- com.parallel.Test2 -->
